<?xml version="1.0" encoding="UTF-8"?>
<testng-results skipped="0" failed="0" ignored="0" total="3" passed="3">
  <reporter-output>
  </reporter-output>
  <suite name="Default suite" duration-ms="64432" started-at="2019-03-25T01:48:23Z" finished-at="2019-03-25T01:49:27Z">
    <groups>
    </groups>
    <test name="Default test" duration-ms="64432" started-at="2019-03-25T01:48:23Z" finished-at="2019-03-25T01:49:27Z">
      <class name="MyTest">
        <test-method status="PASS" signature="start()[pri:0, instance:MyTest@22635ba0]" name="start" is-config="true" duration-ms="3948" started-at="2019-03-25T01:48:23Z" finished-at="2019-03-25T01:48:27Z">
          <reporter-output>
          </reporter-output>
        </test-method> <!-- start -->
        <test-method status="PASS" signature="start1()[pri:0, instance:MyTest@22635ba0]" name="start1" is-config="true" duration-ms="2904" started-at="2019-03-25T01:48:27Z" finished-at="2019-03-25T01:48:30Z">
          <reporter-output>
          </reporter-output>
        </test-method> <!-- start1 -->
        <test-method status="PASS" signature="googleLogin()[pri:0, instance:MyTest@22635ba0]" name="googleLogin" is-config="true" duration-ms="11294" started-at="2019-03-25T01:48:30Z" finished-at="2019-03-25T01:48:41Z">
          <reporter-output>
          </reporter-output>
        </test-method> <!-- googleLogin -->
        <test-method status="PASS" signature="google_login()[pri:0, instance:MyTest@22635ba0]" name="google_login" is-config="true" duration-ms="11400" started-at="2019-03-25T01:48:41Z" finished-at="2019-03-25T01:48:52Z">
          <reporter-output>
          </reporter-output>
        </test-method> <!-- google_login -->
        <test-method status="PASS" signature="New_tab()[pri:1, instance:MyTest@22635ba0]" name="New_tab" duration-ms="9153" started-at="2019-03-25T01:48:52Z" finished-at="2019-03-25T01:49:02Z">
          <reporter-output>
          </reporter-output>
        </test-method> <!-- New_tab -->
        <test-method status="PASS" signature="loging_out()[pri:2, instance:MyTest@22635ba0]" name="loging_out" duration-ms="12812" started-at="2019-03-25T01:49:02Z" finished-at="2019-03-25T01:49:14Z">
          <reporter-output>
          </reporter-output>
        </test-method> <!-- loging_out -->
        <test-method status="PASS" signature="logingOut()[pri:3, instance:MyTest@22635ba0]" name="logingOut" duration-ms="12885" started-at="2019-03-25T01:49:14Z" finished-at="2019-03-25T01:49:27Z">
          <reporter-output>
          </reporter-output>
        </test-method> <!-- logingOut -->
        <test-method status="PASS" signature="end()[pri:0, instance:MyTest@22635ba0]" name="end" is-config="true" duration-ms="0" started-at="2019-03-25T01:49:27Z" finished-at="2019-03-25T01:49:27Z">
          <reporter-output>
          </reporter-output>
        </test-method> <!-- end -->
      </class> <!-- MyTest -->
    </test> <!-- Default test -->
  </suite> <!-- Default suite -->
</testng-results>
